2019-07-09T15:22:16.116Z [31merror[39m:    An API error occurred: invalid_auth
2019-07-09T15:23:31.531Z [31merror[39m:    An API error occurred: internal_error
2019-07-13T07:53:36.768Z [31merror[39m:    Database Connection Failed
2019-07-13T07:55:59.170Z [31merror[39m:    Database Connection Failed
2019-07-13T08:31:29.721Z [31merror[39m:    Database Connection Failed
2019-07-13T10:45:09.366Z [31merror[39m:    Invalid value { undefined: 1563014529 }
2019-07-13T10:45:35.445Z [31merror[39m:    Invalid value { undefined: 1563014555 }
2019-07-13T10:46:03.805Z [31merror[39m:    Invalid value { undefined: 1563014583 }
2019-07-13T10:47:08.722Z [31merror[39m:    Invalid value { undefined: 1563014648 }
2019-07-13T10:47:39.432Z [31merror[39m:    Invalid value { undefined: 1563014679 }
2019-07-13T10:48:46.591Z [31merror[39m:    Invalid value { undefined: 1563014746 }
2019-07-13T10:49:02.995Z [31merror[39m:    Invalid value { undefined: 1563014762 }
2019-07-13T10:49:14.260Z [31merror[39m:    Invalid value { undefined: 1563014774 }
2019-07-13T10:49:22.327Z [31merror[39m:    Invalid value { undefined: 1563014782 }
2019-07-13T10:50:26.668Z [31merror[39m:    Invalid value { undefined: 1563014846 }
2019-07-13T10:52:58.836Z [31merror[39m:    Invalid value { undefined: 'yyyy-19-Sa 04:19:58' }
2019-07-13T10:53:14.513Z [31merror[39m:    Invalid value { undefined: 'yyyy-07-Sa 04:20:14' }
2019-07-13T10:53:30.069Z [31merror[39m:    Invalid value { undefined: '2019-07-13 04:20:30' }
2019-07-13T10:55:15.674Z [31merror[39m:    Invalid value { undefined: moment("2019-07-13T16:22:15.663") }
2019-07-13T10:55:26.935Z [31merror[39m:    Invalid value { undefined: 2019-07-13T10:52:26.930Z }
2019-07-13T10:56:51.928Z [31merror[39m:    Invalid value { undefined: 2019-07-13T10:53:51.918Z }
2019-07-13T10:57:03.778Z [31merror[39m:    Unknown column 'lastUpdatedAt' in 'where clause'
2019-07-13T10:57:38.198Z [31merror[39m:    h is not defined
2019-07-13T10:57:55.196Z [31merror[39m:    h is not defined
2019-07-13T14:02:58.953Z [31merror[39m:    Database Connection Failed
2019-07-13T14:39:00.027Z [31merror[39m:    ticket.getDataValue is not a function
2019-07-13T14:42:17.070Z [31merror[39m:    ticket.getDataValue is not a function
2019-07-13T14:48:20.641Z [31merror[39m:    Unknown column 'individualHooks' in 'where clause'
2019-07-13T14:49:21.665Z [31merror[39m:    config is not defined
2019-07-13T14:56:55.173Z [31merror[39m:    client.postMessage is not a function
2019-07-15T05:09:40.111Z [31merror[39m:    Database Connection Failed
2019-07-15T05:09:40.111Z [31merror[39m:    connect ECONNREFUSED 127.0.0.1:3306
2019-07-15T05:10:00.013Z [31merror[39m:    connect ECONNREFUSED 127.0.0.1:3306
2019-07-15T05:57:34.774Z [31merror[39m:    Database Connection Failed
2019-07-15T05:57:34.775Z [31merror[39m:    Unknown database 'dabdb'
2019-07-15T05:57:46.634Z [31merror[39m:    Unknown database 'dabdb'
2019-07-15T05:58:00.018Z [31merror[39m:    Unknown database 'dabdb'
